
Showing logs for build [32mcb-kubecd-environment-pr-199-41-g6n4m-1[0m stage [32mfrom-build-pack[0m and container [32mstep-credential-initializer-7wp2k[0m
{"level":"warn","ts":1586613266.0281854,"logger":"fallback-logger","caller":"logging/config.go:69","msg":"Fetch GitHub commit ID from kodata failed: \"ref: refs/heads/0.8.0-**-support-backwards-incompats\" is not a valid GitHub commit ID"}
{"level":"info","ts":1586613266.0292468,"logger":"fallback-logger","caller":"creds-init/main.go:40","msg":"Credentials initialized."}

Showing logs for build [32mcb-kubecd-environment-pr-199-41-g6n4m-1[0m stage [32mfrom-build-pack[0m and container [32mstep-working-dir-initializer-jfhph[0m
{"level":"warn","ts":1586613267.4987051,"logger":"fallback-logger","caller":"logging/config.go:69","msg":"Fetch GitHub commit ID from kodata failed: open /var/run/ko/HEAD: no such file or directory"}
{"level":"info","ts":1586613267.5020077,"logger":"fallback-logger","caller":"bash/main.go:64","msg":"Successfully executed command \"sh -c mkdir -p /workspace/source\"; output "}

Showing logs for build [32mcb-kubecd-environment-pr-199-41-g6n4m-1[0m stage [32mfrom-build-pack[0m and container [32mstep-place-tools[0m

Showing logs for build [32mcb-kubecd-environment-pr-199-41-g6n4m-1[0m stage [32mfrom-build-pack[0m and container [32mstep-git-source-cb-kubecd-environment-pr-199-41-g6n4m-cqk9g[0m
{"level":"warn","ts":1586613271.7138422,"logger":"fallback-logger","caller":"logging/config.go:69","msg":"Fetch GitHub commit ID from kodata failed: \"ref: refs/heads/0.8.0-**-support-backwards-incompats\" is not a valid GitHub commit ID"}
{"level":"info","ts":1586613272.8291905,"logger":"fallback-logger","caller":"git/git.go:103","msg":"Successfully cloned https://github.com/cb-kubecd/environment-pr-199-41-boot-gke-staging.git @ master in path /workspace/source"}

Showing logs for build [32mcb-kubecd-environment-pr-199-41-g6n4m-1[0m stage [32mfrom-build-pack[0m and container [32mstep-git-merge[0m
Using SHAs from PULL_REFS=master:2ae5af0258886b56753fe60b1b4552465c98776a,8:52398ba6beaf6232f64f4041a9f9b14dd3c82d0c
DEBUG: LC_ALL=C JX_LOG_LEVEL=error git fetch origin --unshallow 52398ba6beaf6232f64f4041a9f9b14dd3c82d0c: 2ae5af0258886b56753fe60b1b4552465c98776a:
DEBUG: ran git fetch --unshallow origin 52398ba6beaf6232f64f4041a9f9b14dd3c82d0c: 2ae5af0258886b56753fe60b1b4552465c98776a: in 
DEBUG: LC_ALL=C JX_LOG_LEVEL=error git branch
DEBUG: LC_ALL=C JX_LOG_LEVEL=error git checkout master
DEBUG: ran git checkout master in 
DEBUG: LC_ALL=C JX_LOG_LEVEL=error git reset --hard 2ae5af0258886b56753fe60b1b4552465c98776a
DEBUG: ran git reset --hard 2ae5af0258886b56753fe60b1b4552465c98776a in 
DEBUG: LC_ALL=C JX_LOG_LEVEL=error git clean -fd .
DEBUG: ran clean --force -d . in 
DEBUG: LC_ALL=C JX_LOG_LEVEL=error git merge 52398ba6beaf6232f64f4041a9f9b14dd3c82d0c
DEBUG: ran git merge 52398ba6beaf6232f64f4041a9f9b14dd3c82d0c in 
DEBUG: LC_ALL=C JX_LOG_LEVEL=error git log --format=%H%x1f%an%x1f%ae%x1f%cn%x1f%ce%x1f%s%n%b%x1e 2ae5af0258886b56753fe60b1b4552465c98776a..HEAD
Merged SHA 52398ba6beaf6232f64f4041a9f9b14dd3c82d0c with commit message 'chore: Promote bdd-sbhg-import-1586611337 to version 0.0.1' into base branch master

Showing logs for build [32mcb-kubecd-environment-pr-199-41-g6n4m-1[0m stage [32mfrom-build-pack[0m and container [32mstep-build-helm-build[0m
WARNING: No $CHART_REPOSITORY defined so using the default value of: http://jenkins-x-chartmuseum:8080
Adding missing Helm repo: storage.googleapis.com https://storage.googleapis.com/chartmuseum.jenkins-x.io
WARNING: No secrets found on "helm/repos" due: reading the secret "helm/repos" from vault: no secret "helm/repos" not found in vault
Read credentials for https://storage.googleapis.com/chartmuseum.jenkins-x.io from vault helm/repos
Successfully added Helm repository storage.googleapis.com.
Adding missing Helm repo: jenkins-x-chartmuseum http://jenkins-x-chartmuseum:8080
WARNING: No secrets found on "helm/repos" due: reading the secret "helm/repos" from vault: no secret "helm/repos" not found in vault
Read credentials for http://jenkins-x-chartmuseum:8080 from vault helm/repos
Successfully added Helm repository jenkins-x-chartmuseum.
WARNING: No $CHART_REPOSITORY defined so using the default value of: http://jenkins-x-chartmuseum:8080
Adding missing Helm repo: chartmuseum.jenkins-x.io http://chartmuseum.jenkins-x.io
WARNING: No secrets found on "helm/repos" due: reading the secret "helm/repos" from vault: no secret "helm/repos" not found in vault
Read credentials for http://chartmuseum.jenkins-x.io from vault helm/repos
Successfully added Helm repository chartmuseum.jenkins-x.io.
